[2024-06-03T23:10:51.162-0500] {local_task_job_runner.py:120} INFO - ::group::Pre task execution logs
[2024-06-03T23:10:51.244-0500] {taskinstance.py:2076} INFO - Dependencies all met for dep_context=non-requeueable deps ti=<TaskInstance: python_pipeline.group_by_smoker manual__2024-06-03T19:17:51.372730+00:00 [queued]>
[2024-06-03T23:10:51.250-0500] {taskinstance.py:2076} INFO - Dependencies all met for dep_context=requeueable deps ti=<TaskInstance: python_pipeline.group_by_smoker manual__2024-06-03T19:17:51.372730+00:00 [queued]>
[2024-06-03T23:10:51.251-0500] {taskinstance.py:2306} INFO - Starting attempt 2 of 2
[2024-06-03T23:10:51.271-0500] {taskinstance.py:2330} INFO - Executing <Task(PythonOperator): group_by_smoker> on 2024-06-03 19:17:51.372730+00:00
[2024-06-03T23:10:51.274-0500] {standard_task_runner.py:63} INFO - Started process 48313 to run task
[2024-06-03T23:10:51.277-0500] {standard_task_runner.py:90} INFO - Running: ['airflow', 'tasks', 'run', 'python_pipeline', 'group_by_smoker', 'manual__2024-06-03T19:17:51.372730+00:00', '--job-id', '241', '--raw', '--subdir', 'DAGS_FOLDER/data_cleaning.py', '--cfg-path', '/tmp/tmp49z4d7d4']
[2024-06-03T23:10:51.279-0500] {standard_task_runner.py:91} INFO - Job 241: Subtask group_by_smoker
[2024-06-03T23:10:51.318-0500] {task_command.py:426} INFO - Running <TaskInstance: python_pipeline.group_by_smoker manual__2024-06-03T19:17:51.372730+00:00 [running]> on host diallo
[2024-06-03T23:10:51.393-0500] {taskinstance.py:2648} INFO - Exporting env vars: AIRFLOW_CTX_DAG_OWNER='Diallo' AIRFLOW_CTX_DAG_ID='python_pipeline' AIRFLOW_CTX_TASK_ID='group_by_smoker' AIRFLOW_CTX_EXECUTION_DATE='2024-06-03T19:17:51.372730+00:00' AIRFLOW_CTX_TRY_NUMBER='2' AIRFLOW_CTX_DAG_RUN_ID='manual__2024-06-03T19:17:51.372730+00:00'
[2024-06-03T23:10:51.394-0500] {taskinstance.py:430} INFO - ::endgroup::
[2024-06-03T23:10:51.416-0500] {logging_mixin.py:188} WARNING - /home/diallo/airflow/dags/data_cleaning.py:47 FutureWarning: Passing literal json to 'read_json' is deprecated and will be removed in a future version. To read from a literal string, wrap it in a 'StringIO' object.
[2024-06-03T23:10:51.446-0500] {logging_mixin.py:188} INFO -   smoker  ...       charges
0     no  ...   8409.025939
1    yes  ...  31963.762697

[2 rows x 4 columns]
[2024-06-03T23:10:51.448-0500] {python.py:237} INFO - Done. Returned value was: None
[2024-06-03T23:10:51.448-0500] {taskinstance.py:441} INFO - ::group::Post task execution logs
[2024-06-03T23:10:51.454-0500] {taskinstance.py:1206} INFO - Marking task as SUCCESS. dag_id=python_pipeline, task_id=group_by_smoker, run_id=manual__2024-06-03T19:17:51.372730+00:00, execution_date=20240603T191751, start_date=20240604T041051, end_date=20240604T041051
[2024-06-03T23:10:51.489-0500] {local_task_job_runner.py:240} INFO - Task exited with return code 0
[2024-06-03T23:10:51.501-0500] {taskinstance.py:3498} INFO - 0 downstream tasks scheduled from follow-on schedule check
[2024-06-03T23:10:51.502-0500] {local_task_job_runner.py:222} INFO - ::endgroup::
