[2024-06-04T15:23:40.258-0500] {local_task_job_runner.py:120} INFO - ::group::Pre task execution logs
[2024-06-04T15:23:40.289-0500] {taskinstance.py:2076} INFO - Dependencies all met for dep_context=non-requeueable deps ti=<TaskInstance: execute_sql_pipeline.create_table manual__2024-06-04T20:23:36.139791+00:00 [queued]>
[2024-06-04T15:23:40.298-0500] {taskinstance.py:2076} INFO - Dependencies all met for dep_context=requeueable deps ti=<TaskInstance: execute_sql_pipeline.create_table manual__2024-06-04T20:23:36.139791+00:00 [queued]>
[2024-06-04T15:23:40.298-0500] {taskinstance.py:2306} INFO - Starting attempt 1 of 1
[2024-06-04T15:23:40.319-0500] {taskinstance.py:2330} INFO - Executing <Task(SqliteOperator): create_table> on 2024-06-04 20:23:36.139791+00:00
[2024-06-04T15:23:40.323-0500] {standard_task_runner.py:63} INFO - Started process 15969 to run task
[2024-06-04T15:23:40.327-0500] {standard_task_runner.py:90} INFO - Running: ['airflow', 'tasks', 'run', 'execute_sql_pipeline', 'create_table', 'manual__2024-06-04T20:23:36.139791+00:00', '--job-id', '350', '--raw', '--subdir', 'DAGS_FOLDER/execute_sql_pipeline.py', '--cfg-path', '/tmp/tmp01ga10ls']
[2024-06-04T15:23:40.330-0500] {standard_task_runner.py:91} INFO - Job 350: Subtask create_table
[2024-06-04T15:23:40.388-0500] {task_command.py:426} INFO - Running <TaskInstance: execute_sql_pipeline.create_table manual__2024-06-04T20:23:36.139791+00:00 [running]> on host diallo
[2024-06-04T15:23:40.476-0500] {taskinstance.py:2648} INFO - Exporting env vars: AIRFLOW_CTX_DAG_OWNER='Diallo' AIRFLOW_CTX_DAG_ID='execute_sql_pipeline' AIRFLOW_CTX_TASK_ID='create_table' AIRFLOW_CTX_EXECUTION_DATE='2024-06-04T20:23:36.139791+00:00' AIRFLOW_CTX_TRY_NUMBER='1' AIRFLOW_CTX_DAG_RUN_ID='manual__2024-06-04T20:23:36.139791+00:00'
[2024-06-04T15:23:40.476-0500] {taskinstance.py:430} INFO - ::endgroup::
[2024-06-04T15:23:40.495-0500] {sql.py:276} INFO - Executing: 
            CREATE TABLE IF NOT EXISTS users (
                    id INTEGER PRIMARY KEY,
                    name VARCHAR(50) NOT NULL,
                    age INTEGER NOT NULL,
                    city VARCHAR(50),
                    is_active BOOLEAN DEFAULT true,
                    created_at TIMESTAMP DEFAULT CURRENT_TIMESTAMP
            );
        
[2024-06-04T15:23:40.500-0500] {base.py:84} INFO - Using connection ID 'my_sqlite_conn' for task execution.
[2024-06-04T15:23:40.561-0500] {base.py:84} INFO - Using connection ID 'my_sqlite_conn' for task execution.
[2024-06-04T15:23:40.562-0500] {sql.py:470} INFO - Running statement: 
            CREATE TABLE IF NOT EXISTS users (
                    id INTEGER PRIMARY KEY,
                    name VARCHAR(50) NOT NULL,
                    age INTEGER NOT NULL,
                    city VARCHAR(50),
                    is_active BOOLEAN DEFAULT true,
                    created_at TIMESTAMP DEFAULT CURRENT_TIMESTAMP
            );
        , parameters: None
[2024-06-04T15:23:40.562-0500] {taskinstance.py:441} INFO - ::group::Post task execution logs
[2024-06-04T15:23:40.567-0500] {taskinstance.py:1206} INFO - Marking task as SUCCESS. dag_id=execute_sql_pipeline, task_id=create_table, run_id=manual__2024-06-04T20:23:36.139791+00:00, execution_date=20240604T202336, start_date=20240604T202340, end_date=20240604T202340
[2024-06-04T15:23:40.621-0500] {local_task_job_runner.py:240} INFO - Task exited with return code 0
[2024-06-04T15:23:40.675-0500] {logging_mixin.py:188} WARNING - /home/diallo/Documents/workspace/Python/AirFlowProjects/AirFlow01/venv/lib/python3.10/site-packages/airflow/models/baseoperator.py:1296 AirflowProviderDeprecationWarning: Call to deprecated class SqliteOperator. (Please use `airflow.providers.common.sql.operators.sql.SQLExecuteQueryOperator`.)
[2024-06-04T15:23:40.692-0500] {taskinstance.py:3498} INFO - 1 downstream tasks scheduled from follow-on schedule check
[2024-06-04T15:23:40.757-0500] {local_task_job_runner.py:222} INFO - ::endgroup::
