[2024-06-03T23:13:03.556-0500] {local_task_job_runner.py:120} INFO - ::group::Pre task execution logs
[2024-06-03T23:13:03.639-0500] {taskinstance.py:2076} INFO - Dependencies all met for dep_context=non-requeueable deps ti=<TaskInstance: python_pipeline.group_by_smoker manual__2024-06-04T03:27:44.460430+00:00 [queued]>
[2024-06-03T23:13:03.645-0500] {taskinstance.py:2076} INFO - Dependencies all met for dep_context=requeueable deps ti=<TaskInstance: python_pipeline.group_by_smoker manual__2024-06-04T03:27:44.460430+00:00 [queued]>
[2024-06-03T23:13:03.645-0500] {taskinstance.py:2306} INFO - Starting attempt 3 of 3
[2024-06-03T23:13:03.666-0500] {taskinstance.py:2330} INFO - Executing <Task(PythonOperator): group_by_smoker> on 2024-06-04 03:27:44.460430+00:00
[2024-06-03T23:13:03.675-0500] {standard_task_runner.py:63} INFO - Started process 48618 to run task
[2024-06-03T23:13:03.680-0500] {standard_task_runner.py:90} INFO - Running: ['airflow', 'tasks', 'run', 'python_pipeline', 'group_by_smoker', 'manual__2024-06-04T03:27:44.460430+00:00', '--job-id', '290', '--raw', '--subdir', 'DAGS_FOLDER/data_cleaning.py', '--cfg-path', '/tmp/tmpkw99pj4o']
[2024-06-03T23:13:03.682-0500] {standard_task_runner.py:91} INFO - Job 290: Subtask group_by_smoker
[2024-06-03T23:13:03.720-0500] {task_command.py:426} INFO - Running <TaskInstance: python_pipeline.group_by_smoker manual__2024-06-04T03:27:44.460430+00:00 [running]> on host diallo
[2024-06-03T23:13:03.793-0500] {taskinstance.py:2648} INFO - Exporting env vars: AIRFLOW_CTX_DAG_OWNER='Diallo' AIRFLOW_CTX_DAG_ID='python_pipeline' AIRFLOW_CTX_TASK_ID='group_by_smoker' AIRFLOW_CTX_EXECUTION_DATE='2024-06-04T03:27:44.460430+00:00' AIRFLOW_CTX_TRY_NUMBER='3' AIRFLOW_CTX_DAG_RUN_ID='manual__2024-06-04T03:27:44.460430+00:00'
[2024-06-03T23:13:03.793-0500] {taskinstance.py:430} INFO - ::endgroup::
[2024-06-03T23:13:03.816-0500] {logging_mixin.py:188} WARNING - /home/diallo/airflow/dags/data_cleaning.py:47 FutureWarning: Passing literal json to 'read_json' is deprecated and will be removed in a future version. To read from a literal string, wrap it in a 'StringIO' object.
[2024-06-03T23:13:03.845-0500] {logging_mixin.py:188} INFO -   smoker  ...       charges
0     no  ...   8409.025939
1    yes  ...  31963.762697

[2 rows x 4 columns]
[2024-06-03T23:13:03.847-0500] {python.py:237} INFO - Done. Returned value was: None
[2024-06-03T23:13:03.847-0500] {taskinstance.py:441} INFO - ::group::Post task execution logs
[2024-06-03T23:13:03.853-0500] {taskinstance.py:1206} INFO - Marking task as SUCCESS. dag_id=python_pipeline, task_id=group_by_smoker, run_id=manual__2024-06-04T03:27:44.460430+00:00, execution_date=20240604T032744, start_date=20240604T041303, end_date=20240604T041303
[2024-06-03T23:13:03.892-0500] {local_task_job_runner.py:240} INFO - Task exited with return code 0
[2024-06-03T23:13:03.918-0500] {taskinstance.py:3498} INFO - 0 downstream tasks scheduled from follow-on schedule check
[2024-06-03T23:13:03.919-0500] {local_task_job_runner.py:222} INFO - ::endgroup::
