[2024-06-04T15:39:45.122-0500] {local_task_job_runner.py:120} INFO - ::group::Pre task execution logs
[2024-06-04T15:39:45.147-0500] {taskinstance.py:2076} INFO - Dependencies all met for dep_context=non-requeueable deps ti=<TaskInstance: execute_sql_pipeline.create_table manual__2024-06-04T20:39:41.619447+00:00 [queued]>
[2024-06-04T15:39:45.155-0500] {taskinstance.py:2076} INFO - Dependencies all met for dep_context=requeueable deps ti=<TaskInstance: execute_sql_pipeline.create_table manual__2024-06-04T20:39:41.619447+00:00 [queued]>
[2024-06-04T15:39:45.156-0500] {taskinstance.py:2306} INFO - Starting attempt 1 of 1
[2024-06-04T15:39:45.178-0500] {taskinstance.py:2330} INFO - Executing <Task(SqliteOperator): create_table> on 2024-06-04 20:39:41.619447+00:00
[2024-06-04T15:39:45.184-0500] {standard_task_runner.py:63} INFO - Started process 17048 to run task
[2024-06-04T15:39:45.187-0500] {standard_task_runner.py:90} INFO - Running: ['airflow', 'tasks', 'run', 'execute_sql_pipeline', 'create_table', 'manual__2024-06-04T20:39:41.619447+00:00', '--job-id', '354', '--raw', '--subdir', 'DAGS_FOLDER/execute_sql_pipeline.py', '--cfg-path', '/tmp/tmpms7a8a4m']
[2024-06-04T15:39:45.189-0500] {standard_task_runner.py:91} INFO - Job 354: Subtask create_table
[2024-06-04T15:39:45.237-0500] {task_command.py:426} INFO - Running <TaskInstance: execute_sql_pipeline.create_table manual__2024-06-04T20:39:41.619447+00:00 [running]> on host diallo
[2024-06-04T15:39:45.349-0500] {taskinstance.py:2648} INFO - Exporting env vars: AIRFLOW_CTX_DAG_OWNER='Diallo' AIRFLOW_CTX_DAG_ID='execute_sql_pipeline' AIRFLOW_CTX_TASK_ID='create_table' AIRFLOW_CTX_EXECUTION_DATE='2024-06-04T20:39:41.619447+00:00' AIRFLOW_CTX_TRY_NUMBER='1' AIRFLOW_CTX_DAG_RUN_ID='manual__2024-06-04T20:39:41.619447+00:00'
[2024-06-04T15:39:45.350-0500] {taskinstance.py:430} INFO - ::endgroup::
[2024-06-04T15:39:45.371-0500] {sql.py:276} INFO - Executing: 
            CREATE TABLE IF NOT EXISTS users (
                    id INTEGER PRIMARY KEY,
                    name VARCHAR(50) NOT NULL,
                    age INTEGER NOT NULL,
                    city VARCHAR(50),
                    is_active BOOLEAN DEFAULT true,
                    created_at TIMESTAMP DEFAULT CURRENT_TIMESTAMP
            );
        
[2024-06-04T15:39:45.377-0500] {base.py:84} INFO - Using connection ID 'my_sqlite_conn' for task execution.
[2024-06-04T15:39:45.415-0500] {base.py:84} INFO - Using connection ID 'my_sqlite_conn' for task execution.
[2024-06-04T15:39:45.416-0500] {sql.py:470} INFO - Running statement: 
            CREATE TABLE IF NOT EXISTS users (
                    id INTEGER PRIMARY KEY,
                    name VARCHAR(50) NOT NULL,
                    age INTEGER NOT NULL,
                    city VARCHAR(50),
                    is_active BOOLEAN DEFAULT true,
                    created_at TIMESTAMP DEFAULT CURRENT_TIMESTAMP
            );
        , parameters: None
[2024-06-04T15:39:45.417-0500] {taskinstance.py:441} INFO - ::group::Post task execution logs
[2024-06-04T15:39:45.422-0500] {taskinstance.py:1206} INFO - Marking task as SUCCESS. dag_id=execute_sql_pipeline, task_id=create_table, run_id=manual__2024-06-04T20:39:41.619447+00:00, execution_date=20240604T203941, start_date=20240604T203945, end_date=20240604T203945
[2024-06-04T15:39:45.479-0500] {local_task_job_runner.py:240} INFO - Task exited with return code 0
[2024-06-04T15:39:45.498-0500] {logging_mixin.py:188} WARNING - /home/diallo/Documents/workspace/Python/AirFlowProjects/AirFlow01/venv/lib/python3.10/site-packages/airflow/models/baseoperator.py:1296 AirflowProviderDeprecationWarning: Call to deprecated class SqliteOperator. (Please use `airflow.providers.common.sql.operators.sql.SQLExecuteQueryOperator`.)
[2024-06-04T15:39:45.518-0500] {taskinstance.py:3498} INFO - 2 downstream tasks scheduled from follow-on schedule check
[2024-06-04T15:39:45.529-0500] {local_task_job_runner.py:222} INFO - ::endgroup::
