[2024-06-04T15:39:57.334-0500] {local_task_job_runner.py:120} INFO - ::group::Pre task execution logs
[2024-06-04T15:39:57.372-0500] {taskinstance.py:2076} INFO - Dependencies all met for dep_context=non-requeueable deps ti=<TaskInstance: execute_sql_pipeline.update_values manual__2024-06-04T20:39:41.619447+00:00 [queued]>
[2024-06-04T15:39:57.385-0500] {taskinstance.py:2076} INFO - Dependencies all met for dep_context=requeueable deps ti=<TaskInstance: execute_sql_pipeline.update_values manual__2024-06-04T20:39:41.619447+00:00 [queued]>
[2024-06-04T15:39:57.386-0500] {taskinstance.py:2306} INFO - Starting attempt 1 of 1
[2024-06-04T15:39:57.417-0500] {taskinstance.py:2330} INFO - Executing <Task(SqliteOperator): update_values> on 2024-06-04 20:39:41.619447+00:00
[2024-06-04T15:39:57.423-0500] {standard_task_runner.py:63} INFO - Started process 17073 to run task
[2024-06-04T15:39:57.428-0500] {standard_task_runner.py:90} INFO - Running: ['airflow', 'tasks', 'run', 'execute_sql_pipeline', 'update_values', 'manual__2024-06-04T20:39:41.619447+00:00', '--job-id', '358', '--raw', '--subdir', 'DAGS_FOLDER/execute_sql_pipeline.py', '--cfg-path', '/tmp/tmpy9_c1ue9']
[2024-06-04T15:39:57.429-0500] {standard_task_runner.py:91} INFO - Job 358: Subtask update_values
[2024-06-04T15:39:57.472-0500] {task_command.py:426} INFO - Running <TaskInstance: execute_sql_pipeline.update_values manual__2024-06-04T20:39:41.619447+00:00 [running]> on host diallo
[2024-06-04T15:39:57.562-0500] {taskinstance.py:2648} INFO - Exporting env vars: AIRFLOW_CTX_DAG_OWNER='Diallo' AIRFLOW_CTX_DAG_ID='execute_sql_pipeline' AIRFLOW_CTX_TASK_ID='update_values' AIRFLOW_CTX_EXECUTION_DATE='2024-06-04T20:39:41.619447+00:00' AIRFLOW_CTX_TRY_NUMBER='1' AIRFLOW_CTX_DAG_RUN_ID='manual__2024-06-04T20:39:41.619447+00:00'
[2024-06-04T15:39:57.562-0500] {taskinstance.py:430} INFO - ::endgroup::
[2024-06-04T15:39:57.576-0500] {sql.py:276} INFO - Executing: 
            UPDATE users SET city = 'Seattle';
        
[2024-06-04T15:39:57.581-0500] {base.py:84} INFO - Using connection ID 'my_sqlite_conn' for task execution.
[2024-06-04T15:39:57.612-0500] {base.py:84} INFO - Using connection ID 'my_sqlite_conn' for task execution.
[2024-06-04T15:39:57.613-0500] {sql.py:470} INFO - Running statement: 
            UPDATE users SET city = 'Seattle';
        , parameters: None
[2024-06-04T15:39:57.613-0500] {sql.py:479} INFO - Rows affected: 8
[2024-06-04T15:39:57.620-0500] {taskinstance.py:441} INFO - ::group::Post task execution logs
[2024-06-04T15:39:57.625-0500] {taskinstance.py:1206} INFO - Marking task as SUCCESS. dag_id=execute_sql_pipeline, task_id=update_values, run_id=manual__2024-06-04T20:39:41.619447+00:00, execution_date=20240604T203941, start_date=20240604T203957, end_date=20240604T203957
[2024-06-04T15:39:57.680-0500] {local_task_job_runner.py:240} INFO - Task exited with return code 0
[2024-06-04T15:39:57.695-0500] {logging_mixin.py:188} WARNING - /home/diallo/Documents/workspace/Python/AirFlowProjects/AirFlow01/venv/lib/python3.10/site-packages/airflow/models/baseoperator.py:1296 AirflowProviderDeprecationWarning: Call to deprecated class SqliteOperator. (Please use `airflow.providers.common.sql.operators.sql.SQLExecuteQueryOperator`.)
[2024-06-04T15:39:57.704-0500] {taskinstance.py:3498} INFO - 1 downstream tasks scheduled from follow-on schedule check
[2024-06-04T15:39:57.714-0500] {local_task_job_runner.py:222} INFO - ::endgroup::
