[2024-06-04T15:12:21.700-0500] {local_task_job_runner.py:120} INFO - ::group::Pre task execution logs
[2024-06-04T15:12:21.720-0500] {taskinstance.py:2076} INFO - Dependencies all met for dep_context=non-requeueable deps ti=<TaskInstance: execute_sql_pipeline.create_table scheduled__2024-06-03T00:00:00+00:00 [queued]>
[2024-06-04T15:12:21.726-0500] {taskinstance.py:2076} INFO - Dependencies all met for dep_context=requeueable deps ti=<TaskInstance: execute_sql_pipeline.create_table scheduled__2024-06-03T00:00:00+00:00 [queued]>
[2024-06-04T15:12:21.727-0500] {taskinstance.py:2306} INFO - Starting attempt 1 of 1
[2024-06-04T15:12:21.744-0500] {taskinstance.py:2330} INFO - Executing <Task(SqliteOperator): create_table> on 2024-06-03 00:00:00+00:00
[2024-06-04T15:12:21.747-0500] {standard_task_runner.py:63} INFO - Started process 13616 to run task
[2024-06-04T15:12:21.750-0500] {standard_task_runner.py:90} INFO - Running: ['airflow', 'tasks', 'run', 'execute_sql_pipeline', 'create_table', 'scheduled__2024-06-03T00:00:00+00:00', '--job-id', '349', '--raw', '--subdir', 'DAGS_FOLDER/execute_sql_pipeline.py', '--cfg-path', '/tmp/tmp703stzaq']
[2024-06-04T15:12:21.752-0500] {standard_task_runner.py:91} INFO - Job 349: Subtask create_table
[2024-06-04T15:12:21.788-0500] {task_command.py:426} INFO - Running <TaskInstance: execute_sql_pipeline.create_table scheduled__2024-06-03T00:00:00+00:00 [running]> on host diallo
[2024-06-04T15:12:21.862-0500] {taskinstance.py:2648} INFO - Exporting env vars: AIRFLOW_CTX_DAG_OWNER='Diallo' AIRFLOW_CTX_DAG_ID='execute_sql_pipeline' AIRFLOW_CTX_TASK_ID='create_table' AIRFLOW_CTX_EXECUTION_DATE='2024-06-03T00:00:00+00:00' AIRFLOW_CTX_TRY_NUMBER='1' AIRFLOW_CTX_DAG_RUN_ID='scheduled__2024-06-03T00:00:00+00:00'
[2024-06-04T15:12:21.863-0500] {taskinstance.py:430} INFO - ::endgroup::
[2024-06-04T15:12:21.885-0500] {sql.py:276} INFO - Executing: 
            CREATE TABLE IF NOT EXISTS users (
                    id INTEGER PRIMARY KEY,
                    name VARCHAR(50) NOT NULL,
                    age INTEGER NOT NULL,
                    city VARCHAR(50),
                    is_active BOOLEAN DEFAULT true,
                    created_at TIMESTAMP DEFAULT CURRENT_TIMESTAMP
            );
        
[2024-06-04T15:12:21.889-0500] {base.py:84} INFO - Using connection ID 'my_sqlite_conn' for task execution.
[2024-06-04T15:12:21.914-0500] {base.py:84} INFO - Using connection ID 'my_sqlite_conn' for task execution.
[2024-06-04T15:12:21.915-0500] {sql.py:470} INFO - Running statement: 
            CREATE TABLE IF NOT EXISTS users (
                    id INTEGER PRIMARY KEY,
                    name VARCHAR(50) NOT NULL,
                    age INTEGER NOT NULL,
                    city VARCHAR(50),
                    is_active BOOLEAN DEFAULT true,
                    created_at TIMESTAMP DEFAULT CURRENT_TIMESTAMP
            );
        , parameters: None
[2024-06-04T15:12:21.924-0500] {taskinstance.py:441} INFO - ::group::Post task execution logs
[2024-06-04T15:12:21.927-0500] {taskinstance.py:1206} INFO - Marking task as SUCCESS. dag_id=execute_sql_pipeline, task_id=create_table, run_id=scheduled__2024-06-03T00:00:00+00:00, execution_date=20240603T000000, start_date=20240604T201221, end_date=20240604T201221
[2024-06-04T15:12:21.962-0500] {local_task_job_runner.py:240} INFO - Task exited with return code 0
[2024-06-04T15:12:21.980-0500] {taskinstance.py:3498} INFO - 0 downstream tasks scheduled from follow-on schedule check
[2024-06-04T15:12:21.981-0500] {local_task_job_runner.py:222} INFO - ::endgroup::
