[2024-06-04T15:40:00.231-0500] {local_task_job_runner.py:120} INFO - ::group::Pre task execution logs
[2024-06-04T15:40:00.254-0500] {taskinstance.py:2076} INFO - Dependencies all met for dep_context=non-requeueable deps ti=<TaskInstance: execute_sql_pipeline.display_result manual__2024-06-04T20:39:41.619447+00:00 [queued]>
[2024-06-04T15:40:00.262-0500] {taskinstance.py:2076} INFO - Dependencies all met for dep_context=requeueable deps ti=<TaskInstance: execute_sql_pipeline.display_result manual__2024-06-04T20:39:41.619447+00:00 [queued]>
[2024-06-04T15:40:00.262-0500] {taskinstance.py:2306} INFO - Starting attempt 1 of 1
[2024-06-04T15:40:00.283-0500] {taskinstance.py:2330} INFO - Executing <Task(SqliteOperator): display_result> on 2024-06-04 20:39:41.619447+00:00
[2024-06-04T15:40:00.289-0500] {standard_task_runner.py:63} INFO - Started process 17079 to run task
[2024-06-04T15:40:00.294-0500] {standard_task_runner.py:90} INFO - Running: ['airflow', 'tasks', 'run', 'execute_sql_pipeline', 'display_result', 'manual__2024-06-04T20:39:41.619447+00:00', '--job-id', '359', '--raw', '--subdir', 'DAGS_FOLDER/execute_sql_pipeline.py', '--cfg-path', '/tmp/tmp3vbk9u4x']
[2024-06-04T15:40:00.297-0500] {standard_task_runner.py:91} INFO - Job 359: Subtask display_result
[2024-06-04T15:40:00.334-0500] {task_command.py:426} INFO - Running <TaskInstance: execute_sql_pipeline.display_result manual__2024-06-04T20:39:41.619447+00:00 [running]> on host diallo
[2024-06-04T15:40:00.406-0500] {taskinstance.py:2648} INFO - Exporting env vars: AIRFLOW_CTX_DAG_OWNER='Diallo' AIRFLOW_CTX_DAG_ID='execute_sql_pipeline' AIRFLOW_CTX_TASK_ID='display_result' AIRFLOW_CTX_EXECUTION_DATE='2024-06-04T20:39:41.619447+00:00' AIRFLOW_CTX_TRY_NUMBER='1' AIRFLOW_CTX_DAG_RUN_ID='manual__2024-06-04T20:39:41.619447+00:00'
[2024-06-04T15:40:00.407-0500] {taskinstance.py:430} INFO - ::endgroup::
[2024-06-04T15:40:00.420-0500] {sql.py:276} INFO - Executing: SELECT * FROM users
[2024-06-04T15:40:00.426-0500] {base.py:84} INFO - Using connection ID 'my_sqlite_conn' for task execution.
[2024-06-04T15:40:00.464-0500] {base.py:84} INFO - Using connection ID 'my_sqlite_conn' for task execution.
[2024-06-04T15:40:00.465-0500] {sql.py:470} INFO - Running statement: SELECT * FROM users, parameters: None
[2024-06-04T15:40:00.466-0500] {taskinstance.py:441} INFO - ::group::Post task execution logs
[2024-06-04T15:40:00.487-0500] {taskinstance.py:1206} INFO - Marking task as SUCCESS. dag_id=execute_sql_pipeline, task_id=display_result, run_id=manual__2024-06-04T20:39:41.619447+00:00, execution_date=20240604T203941, start_date=20240604T204000, end_date=20240604T204000
[2024-06-04T15:40:00.546-0500] {local_task_job_runner.py:240} INFO - Task exited with return code 0
[2024-06-04T15:40:00.568-0500] {taskinstance.py:3498} INFO - 0 downstream tasks scheduled from follow-on schedule check
[2024-06-04T15:40:00.570-0500] {local_task_job_runner.py:222} INFO - ::endgroup::
